0x5E356E98, 0x301B1CB3, 0x1F1C7695

C745F.(..)(..)0{4}C745F.(..)(..)0{4}C745F.(..)(..)0{4}C745F.(..)(..)0{4}
230

C745F.(..)(..)0{4}C745F.F{8}C745F.(..)(..)0{4}C745F.(..)(..)0{4}
20

C745F.(..)(..)0{4}.{24}C745F.(..)(..)0{4}C745F.(..)(..)0{4}C745F.(..)(..)0{4}
2

C745F.(..)(..)0{4}C745F.(..)(..)0{4}C745F.(..)(..)0{4}.{24}C745F.(..)(..)0{4}
2

C745F.(..)(..)0{4}C745F.(..)(..)0{4}.{24}C745F.(..)(..)0{4}C745F.(..)(..)0{4}
2

C745F.(..)(..)0{4}C745F.F{8}.{30}C745F.(..)(..)0{4}C745F.(..)(..)0{4}
1

C745F.(..)(..)0{4}C745F.(..)(..)0{4}C745F.(..)(..)0{4}.{30}C745F.(..)(..)0{4}
1

C745F.(..)(..)0{4}.{30}C745F.(..)(..)0{4}C745F.(..)(..)0{4}C745F.0{4}
2

8B.{12}6A(..)6A(..)6A(..)68(..)(..)0{4}
1173

8B.{12}6A(..)68(..)(..)0{4}68(..)(..)0{4}68(..)(..)0{4}
18

8B.{12}6A(..)6A(..)6A(..)6A(..)
11

8B.{12}6A(..)6A(..)6A(..).{12}C745F.(..)(..)0{4}


8B.{22}6A(..)6A(..)6A(..)68(..)(..)0{4}


8B.{22}F{4}6A(..)6A(..)6A(..)68(..)(..)0{4}
1

TOTAL = 1463