0x5BAA341E, 0x4D106F7C, 0x232B007D

C745F.(..)(..)0{4}C745F.(..)(..)0{4}C745F.(..)(..)0{4}C745F.(..)(..)0{4}
230

C745F.(..)(..)0{4}C745F.F{8}C745F.(..)(..)0{4}C745F.(..)(..)0{4}
20

C745F.(..)(..)0{4}.{24}C745F.(..)(..)0{4}C745F.(..)(..)0{4}C745F.(..)(..)0{4}
2

C745F.(..)(..)0{4}C745F.(..)(..)0{4}C745F.(..)(..)0{4}.{24}C745F.(..)(..)0{4}
2

C745F.(..)(..)0{4}C745F.(..)(..)0{4}.{24}C745F.(..)(..)0{4}C745F.(..)(..)0{4}
2

C745F.(..)(..)0{4}C745F.F{8}.{30}C745F.(..)(..)0{4}C745F.(..)(..)0{4}
1

C745F.(..)(..)0{4}C745F.(..)(..)0{4}C745F.(..)(..)0{4}.{30}C745F.(..)(..)0{4}
1

C745F.(..)(..)0{4}.{30}C745F.(..)(..)0{4}C745F.(..)(..)0{4}C745F.0{4}
2

8B.{12}6A(..)6A(..)6A(..)68(..)(..)0{4}
1163

8B.{12}6A(..)68(..)(..)0{4}68(..)(..)0{4}68(..)(..)0{4}
18

8B.{12}6A(..)6A(..)6A(..)6A(..)
11

8B.{12}6A(..)6A(..)6A(..).{12}C745F.(..)(..)0{4}


8B.{22}6A(..)6A(..)6A(..)68(..)(..)0{4}/


TOTAL = 1452